<?xml version="1.0" encoding="UTF-8"?>
<!-- Generated by org.testng.reporters.JUnitXMLReporter -->
<testsuite ignored="0" hostname="DESKTOP-L37L1I5" failures="0" tests="6" name="Default test" time="233.225" errors="0" timestamp="2020-03-29T08:33:58 IST">
  <testcase classname="tests.TestFirefox" name="testCase1" time="4.531"/>
  <testcase classname="tests.TestFirefox" name="testCase2" time="21.54"/>
  <testcase classname="tests.TestFirefox" name="testCase3" time="52.219"/>
  <testcase classname="tests.TestFirefox" name="testCase4" time="23.533"/>
  <testcase classname="tests.TestFirefox" name="testCase5" time="0.943"/>
  <testcase classname="tests.TestFirefox" name="testCase6" time="0.881"/>
</testsuite> <!-- Default test -->
