<?xml version="1.0" encoding="UTF-8"?>
<!-- Generated by org.testng.reporters.JUnitXMLReporter -->
<testsuite ignored="0" hostname="DESKTOP-L37L1I5" failures="0" tests="10" name="Test" time="577.957" errors="0" timestamp="2020-03-27T07:44:57 IST">
  <testcase classname="TEST.Test_chrome" name="swaglabs1" time="44.489"/>
  <testcase classname="TEST.Test_chrome" name="swaglabs2" time="51.011"/>
  <testcase classname="TEST.Test_chrome" name="swaglabs3" time="54.398"/>
  <testcase classname="TEST.Test_chrome" name="swaglabs4" time="2.778"/>
  <testcase classname="TEST.Test_chrome" name="swaglabs5" time="3.038"/>
  <testcase classname="TEST.Test_firefox" name="swaglabs1" time="33.906"/>
  <testcase classname="TEST.Test_firefox" name="swaglabs2" time="37.852"/>
  <testcase classname="TEST.Test_firefox" name="swaglabs3" time="54.559"/>
  <testcase classname="TEST.Test_firefox" name="swaglabs4" time="2.692"/>
  <testcase classname="TEST.Test_firefox" name="swaglabs5" time="2.814"/>
</testsuite> <!-- Test -->
