<?xml version="1.0" encoding="UTF-8"?>
<!-- Generated by org.testng.reporters.JUnitXMLReporter -->
<testsuite ignored="0" hostname="DESKTOP-L37L1I5" failures="0" tests="12" name="Test" time="599.353" errors="0" timestamp="2020-03-29T08:51:12 IST">
  <testcase classname="tests.TestChrome" name="testCase1" time="2.741"/>
  <testcase classname="tests.TestChrome" name="testCase2" time="30.523"/>
  <testcase classname="tests.TestChrome" name="testCase3" time="62.913"/>
  <testcase classname="tests.TestChrome" name="testCase4" time="50.162"/>
  <testcase classname="tests.TestChrome" name="testCase5" time="1.126"/>
  <testcase classname="tests.TestChrome" name="testCase6" time="1.297"/>
  <testcase classname="tests.TestFirefox" name="testCase1" time="3.411"/>
  <testcase classname="tests.TestFirefox" name="testCase2" time="25.249"/>
  <testcase classname="tests.TestFirefox" name="testCase3" time="99.88"/>
  <testcase classname="tests.TestFirefox" name="testCase4" time="54.186"/>
  <testcase classname="tests.TestFirefox" name="testCase5" time="0.815"/>
  <testcase classname="tests.TestFirefox" name="testCase6" time="0.839"/>
</testsuite> <!-- Test -->
