<?xml version="1.0" encoding="UTF-8"?>
<testng-results ignored="0" total="10" passed="10" failed="0" skipped="0">
  <reporter-output>
  </reporter-output>
  <suite started-at="2020-03-27T07:35:18 IST" name="Suite" finished-at="2020-03-27T07:44:56 IST" duration-ms="577957">
    <groups>
    </groups>
    <test started-at="2020-03-27T07:35:18 IST" name="Test" finished-at="2020-03-27T07:44:56 IST" duration-ms="577957">
      <class name="TEST.Test_chrome">
        <test-method is-config="true" signature="launchBrowser()[pri:0, instance:TEST.Test_chrome@37918c79]" started-at="2020-03-27T07:35:55 IST" name="launchBrowser" finished-at="2020-03-27T07:36:39 IST" duration-ms="43467" status="PASS">
          <reporter-output>
          </reporter-output>
        </test-method> <!-- launchBrowser -->
        <test-method signature="swaglabs1(java.lang.String, java.lang.String)[pri:0, instance:TEST.Test_chrome@37918c79]" started-at="2020-03-27T07:36:39 IST" name="swaglabs1" data-provider="login1" finished-at="2020-03-27T07:37:23 IST" duration-ms="44489" status="PASS">
          <params>
            <param index="0">
              <value>
                <![CDATA[standard_user]]>
              </value>
            </param>
            <param index="1">
              <value>
                <![CDATA[secret_sauce]]>
              </value>
            </param>
          </params>
          <reporter-output>
          </reporter-output>
        </test-method> <!-- swaglabs1 -->
        <test-method is-config="true" signature="close()[pri:0, instance:TEST.Test_chrome@37918c79]" started-at="2020-03-27T07:37:23 IST" name="close" finished-at="2020-03-27T07:37:23 IST" duration-ms="387" status="PASS">
          <reporter-output>
          </reporter-output>
        </test-method> <!-- close -->
        <test-method is-config="true" signature="launchBrowser()[pri:0, instance:TEST.Test_chrome@37918c79]" started-at="2020-03-27T07:37:24 IST" name="launchBrowser" finished-at="2020-03-27T07:37:42 IST" duration-ms="18235" status="PASS">
          <reporter-output>
          </reporter-output>
        </test-method> <!-- launchBrowser -->
        <test-method signature="swaglabs2(java.lang.String, java.lang.String)[pri:0, instance:TEST.Test_chrome@37918c79]" started-at="2020-03-27T07:37:42 IST" name="swaglabs2" data-provider="login2" finished-at="2020-03-27T07:38:33 IST" duration-ms="51011" status="PASS">
          <params>
            <param index="0">
              <value>
                <![CDATA[performance_glitch_user]]>
              </value>
            </param>
            <param index="1">
              <value>
                <![CDATA[secret_sauce]]>
              </value>
            </param>
          </params>
          <reporter-output>
          </reporter-output>
        </test-method> <!-- swaglabs2 -->
        <test-method is-config="true" signature="close()[pri:0, instance:TEST.Test_chrome@37918c79]" started-at="2020-03-27T07:38:33 IST" name="close" finished-at="2020-03-27T07:38:33 IST" duration-ms="293" status="PASS">
          <reporter-output>
          </reporter-output>
        </test-method> <!-- close -->
        <test-method is-config="true" signature="launchBrowser()[pri:0, instance:TEST.Test_chrome@37918c79]" started-at="2020-03-27T07:38:33 IST" name="launchBrowser" finished-at="2020-03-27T07:38:49 IST" duration-ms="15995" status="PASS">
          <reporter-output>
          </reporter-output>
        </test-method> <!-- launchBrowser -->
        <test-method signature="swaglabs3(java.lang.String, java.lang.String)[pri:0, instance:TEST.Test_chrome@37918c79]" started-at="2020-03-27T07:38:49 IST" name="swaglabs3" data-provider="login3" finished-at="2020-03-27T07:39:44 IST" duration-ms="54398" status="PASS">
          <params>
            <param index="0">
              <value>
                <![CDATA[standard_user]]>
              </value>
            </param>
            <param index="1">
              <value>
                <![CDATA[secret_sauce]]>
              </value>
            </param>
          </params>
          <reporter-output>
          </reporter-output>
        </test-method> <!-- swaglabs3 -->
        <test-method is-config="true" signature="close()[pri:0, instance:TEST.Test_chrome@37918c79]" started-at="2020-03-27T07:39:44 IST" name="close" finished-at="2020-03-27T07:39:48 IST" duration-ms="4307" status="PASS">
          <reporter-output>
          </reporter-output>
        </test-method> <!-- close -->
        <test-method is-config="true" signature="launchBrowser()[pri:0, instance:TEST.Test_chrome@37918c79]" started-at="2020-03-27T07:39:48 IST" name="launchBrowser" finished-at="2020-03-27T07:40:04 IST" duration-ms="15370" status="PASS">
          <reporter-output>
          </reporter-output>
        </test-method> <!-- launchBrowser -->
        <test-method signature="swaglabs4(java.lang.String, java.lang.String)[pri:0, instance:TEST.Test_chrome@37918c79]" started-at="2020-03-27T07:40:04 IST" name="swaglabs4" data-provider="login4" finished-at="2020-03-27T07:40:06 IST" duration-ms="2778" status="PASS">
          <params>
            <param index="0">
              <value>
                <![CDATA[ramya]]>
              </value>
            </param>
            <param index="1">
              <value>
                <![CDATA[secret_sauce]]>
              </value>
            </param>
          </params>
          <reporter-output>
          </reporter-output>
        </test-method> <!-- swaglabs4 -->
        <test-method is-config="true" signature="close()[pri:0, instance:TEST.Test_chrome@37918c79]" started-at="2020-03-27T07:40:06 IST" name="close" finished-at="2020-03-27T07:40:07 IST" duration-ms="250" status="PASS">
          <reporter-output>
          </reporter-output>
        </test-method> <!-- close -->
        <test-method is-config="true" signature="launchBrowser()[pri:0, instance:TEST.Test_chrome@37918c79]" started-at="2020-03-27T07:40:07 IST" name="launchBrowser" finished-at="2020-03-27T07:40:19 IST" duration-ms="12687" status="PASS">
          <reporter-output>
          </reporter-output>
        </test-method> <!-- launchBrowser -->
        <test-method signature="swaglabs5(java.lang.String, java.lang.String)[pri:0, instance:TEST.Test_chrome@37918c79]" started-at="2020-03-27T07:40:19 IST" name="swaglabs5" data-provider="login5" finished-at="2020-03-27T07:40:22 IST" duration-ms="3038" status="PASS">
          <params>
            <param index="0">
              <value>
                <![CDATA[performance_glitch_user]]>
              </value>
            </param>
            <param index="1">
              <value>
                <![CDATA[ramya]]>
              </value>
            </param>
          </params>
          <reporter-output>
          </reporter-output>
        </test-method> <!-- swaglabs5 -->
        <test-method is-config="true" signature="close()[pri:0, instance:TEST.Test_chrome@37918c79]" started-at="2020-03-27T07:40:22 IST" name="close" finished-at="2020-03-27T07:40:23 IST" duration-ms="367" status="PASS">
          <reporter-output>
          </reporter-output>
        </test-method> <!-- close -->
      </class> <!-- TEST.Test_chrome -->
      <class name="TEST.Test_firefox">
        <test-method is-config="true" signature="launchBrowser()[pri:0, instance:TEST.Test_firefox@78e94dcf]" started-at="2020-03-27T07:40:23 IST" name="launchBrowser" finished-at="2020-03-27T07:41:11 IST" duration-ms="47827" status="PASS">
          <reporter-output>
          </reporter-output>
        </test-method> <!-- launchBrowser -->
        <test-method signature="swaglabs1(java.lang.String, java.lang.String)[pri:0, instance:TEST.Test_firefox@78e94dcf]" started-at="2020-03-27T07:41:11 IST" name="swaglabs1" data-provider="login1" finished-at="2020-03-27T07:41:44 IST" duration-ms="33906" status="PASS">
          <params>
            <param index="0">
              <value>
                <![CDATA[standard_user]]>
              </value>
            </param>
            <param index="1">
              <value>
                <![CDATA[secret_sauce]]>
              </value>
            </param>
          </params>
          <reporter-output>
          </reporter-output>
        </test-method> <!-- swaglabs1 -->
        <test-method is-config="true" signature="close()[pri:0, instance:TEST.Test_firefox@78e94dcf]" started-at="2020-03-27T07:41:44 IST" name="close" finished-at="2020-03-27T07:41:49 IST" duration-ms="4790" status="PASS">
          <reporter-output>
          </reporter-output>
        </test-method> <!-- close -->
        <test-method is-config="true" signature="launchBrowser()[pri:0, instance:TEST.Test_firefox@78e94dcf]" started-at="2020-03-27T07:41:49 IST" name="launchBrowser" finished-at="2020-03-27T07:42:12 IST" duration-ms="22351" status="PASS">
          <reporter-output>
          </reporter-output>
        </test-method> <!-- launchBrowser -->
        <test-method signature="swaglabs2(java.lang.String, java.lang.String)[pri:0, instance:TEST.Test_firefox@78e94dcf]" started-at="2020-03-27T07:42:12 IST" name="swaglabs2" data-provider="login2" finished-at="2020-03-27T07:42:50 IST" duration-ms="37852" status="PASS">
          <params>
            <param index="0">
              <value>
                <![CDATA[performance_glitch_user]]>
              </value>
            </param>
            <param index="1">
              <value>
                <![CDATA[secret_sauce]]>
              </value>
            </param>
          </params>
          <reporter-output>
          </reporter-output>
        </test-method> <!-- swaglabs2 -->
        <test-method is-config="true" signature="close()[pri:0, instance:TEST.Test_firefox@78e94dcf]" started-at="2020-03-27T07:42:50 IST" name="close" finished-at="2020-03-27T07:42:55 IST" duration-ms="4962" status="PASS">
          <reporter-output>
          </reporter-output>
        </test-method> <!-- close -->
        <test-method is-config="true" signature="launchBrowser()[pri:0, instance:TEST.Test_firefox@78e94dcf]" started-at="2020-03-27T07:42:55 IST" name="launchBrowser" finished-at="2020-03-27T07:43:10 IST" duration-ms="15428" status="PASS">
          <reporter-output>
          </reporter-output>
        </test-method> <!-- launchBrowser -->
        <test-method signature="swaglabs3(java.lang.String, java.lang.String)[pri:0, instance:TEST.Test_firefox@78e94dcf]" started-at="2020-03-27T07:43:10 IST" name="swaglabs3" data-provider="login3" finished-at="2020-03-27T07:44:05 IST" duration-ms="54559" status="PASS">
          <params>
            <param index="0">
              <value>
                <![CDATA[standard_user]]>
              </value>
            </param>
            <param index="1">
              <value>
                <![CDATA[secret_sauce]]>
              </value>
            </param>
          </params>
          <reporter-output>
          </reporter-output>
        </test-method> <!-- swaglabs3 -->
        <test-method is-config="true" signature="close()[pri:0, instance:TEST.Test_firefox@78e94dcf]" started-at="2020-03-27T07:44:05 IST" name="close" finished-at="2020-03-27T07:44:08 IST" duration-ms="3723" status="PASS">
          <reporter-output>
          </reporter-output>
        </test-method> <!-- close -->
        <test-method is-config="true" signature="launchBrowser()[pri:0, instance:TEST.Test_firefox@78e94dcf]" started-at="2020-03-27T07:44:08 IST" name="launchBrowser" finished-at="2020-03-27T07:44:23 IST" duration-ms="14319" status="PASS">
          <reporter-output>
          </reporter-output>
        </test-method> <!-- launchBrowser -->
        <test-method signature="swaglabs4(java.lang.String, java.lang.String)[pri:0, instance:TEST.Test_firefox@78e94dcf]" started-at="2020-03-27T07:44:23 IST" name="swaglabs4" data-provider="login4" finished-at="2020-03-27T07:44:25 IST" duration-ms="2692" status="PASS">
          <params>
            <param index="0">
              <value>
                <![CDATA[ramya]]>
              </value>
            </param>
            <param index="1">
              <value>
                <![CDATA[secret_sauce]]>
              </value>
            </param>
          </params>
          <reporter-output>
          </reporter-output>
        </test-method> <!-- swaglabs4 -->
        <test-method is-config="true" signature="close()[pri:0, instance:TEST.Test_firefox@78e94dcf]" started-at="2020-03-27T07:44:25 IST" name="close" finished-at="2020-03-27T07:44:30 IST" duration-ms="5029" status="PASS">
          <reporter-output>
          </reporter-output>
        </test-method> <!-- close -->
        <test-method is-config="true" signature="launchBrowser()[pri:0, instance:TEST.Test_firefox@78e94dcf]" started-at="2020-03-27T07:44:30 IST" name="launchBrowser" finished-at="2020-03-27T07:44:47 IST" duration-ms="16378" status="PASS">
          <reporter-output>
          </reporter-output>
        </test-method> <!-- launchBrowser -->
        <test-method signature="swaglabs5(java.lang.String, java.lang.String)[pri:0, instance:TEST.Test_firefox@78e94dcf]" started-at="2020-03-27T07:44:47 IST" name="swaglabs5" data-provider="login5" finished-at="2020-03-27T07:44:50 IST" duration-ms="2814" status="PASS">
          <params>
            <param index="0">
              <value>
                <![CDATA[performance_glitch_user]]>
              </value>
            </param>
            <param index="1">
              <value>
                <![CDATA[ramya]]>
              </value>
            </param>
          </params>
          <reporter-output>
          </reporter-output>
        </test-method> <!-- swaglabs5 -->
        <test-method is-config="true" signature="close()[pri:0, instance:TEST.Test_firefox@78e94dcf]" started-at="2020-03-27T07:44:50 IST" name="close" finished-at="2020-03-27T07:44:56 IST" duration-ms="6722" status="PASS">
          <reporter-output>
          </reporter-output>
        </test-method> <!-- close -->
      </class> <!-- TEST.Test_firefox -->
    </test> <!-- Test -->
  </suite> <!-- Suite -->
</testng-results>
