<?xml version="1.0" encoding="UTF-8"?>
<testng-results ignored="0" total="12" passed="12" failed="0" skipped="0">
  <reporter-output>
  </reporter-output>
  <suite started-at="2020-03-29T08:41:12 IST" name="Suite" finished-at="2020-03-29T08:51:12 IST" duration-ms="599353">
    <groups>
    </groups>
    <test started-at="2020-03-29T08:41:12 IST" name="Test" finished-at="2020-03-29T08:51:12 IST" duration-ms="599353">
      <class name="tests.TestFirefox">
        <test-method is-config="true" signature="launchBrowser()[pri:0, instance:tests.TestFirefox@56a6d5a6]" started-at="2020-03-29T08:45:17 IST" name="launchBrowser" finished-at="2020-03-29T08:46:06 IST" duration-ms="48780" status="PASS">
          <reporter-output>
          </reporter-output>
        </test-method> <!-- launchBrowser -->
        <test-method signature="testCase1(java.lang.String, java.lang.String)[pri:0, instance:tests.TestFirefox@56a6d5a6]" started-at="2020-03-29T08:46:06 IST" name="testCase1" data-provider="login1" finished-at="2020-03-29T08:46:09 IST" duration-ms="3411" status="PASS">
          <params>
            <param index="0">
              <value>
                <![CDATA[problem_user]]>
              </value>
            </param>
            <param index="1">
              <value>
                <![CDATA[secret_sauce]]>
              </value>
            </param>
          </params>
          <reporter-output>
          </reporter-output>
        </test-method> <!-- testCase1 -->
        <test-method is-config="true" signature="close()[pri:0, instance:tests.TestFirefox@56a6d5a6]" started-at="2020-03-29T08:46:09 IST" name="close" finished-at="2020-03-29T08:46:14 IST" duration-ms="4877" status="PASS">
          <reporter-output>
          </reporter-output>
        </test-method> <!-- close -->
        <test-method is-config="true" signature="launchBrowser()[pri:0, instance:tests.TestFirefox@56a6d5a6]" started-at="2020-03-29T08:46:14 IST" name="launchBrowser" finished-at="2020-03-29T08:46:28 IST" duration-ms="13589" status="PASS">
          <reporter-output>
          </reporter-output>
        </test-method> <!-- launchBrowser -->
        <test-method signature="testCase2(java.lang.String, java.lang.String)[pri:0, instance:tests.TestFirefox@56a6d5a6]" started-at="2020-03-29T08:46:28 IST" name="testCase2" data-provider="login2" finished-at="2020-03-29T08:46:53 IST" duration-ms="25249" status="PASS">
          <params>
            <param index="0">
              <value>
                <![CDATA[performance_glitch_user]]>
              </value>
            </param>
            <param index="1">
              <value>
                <![CDATA[secret_sauce]]>
              </value>
            </param>
          </params>
          <reporter-output>
          </reporter-output>
        </test-method> <!-- testCase2 -->
        <test-method is-config="true" signature="close()[pri:0, instance:tests.TestFirefox@56a6d5a6]" started-at="2020-03-29T08:46:53 IST" name="close" finished-at="2020-03-29T08:46:57 IST" duration-ms="4470" status="PASS">
          <reporter-output>
          </reporter-output>
        </test-method> <!-- close -->
        <test-method is-config="true" signature="launchBrowser()[pri:0, instance:tests.TestFirefox@56a6d5a6]" started-at="2020-03-29T08:46:57 IST" name="launchBrowser" finished-at="2020-03-29T08:47:19 IST" duration-ms="21874" status="PASS">
          <reporter-output>
          </reporter-output>
        </test-method> <!-- launchBrowser -->
        <test-method signature="testCase3(java.lang.String, java.lang.String)[pri:0, instance:tests.TestFirefox@56a6d5a6]" started-at="2020-03-29T08:47:19 IST" name="testCase3" data-provider="login3" finished-at="2020-03-29T08:48:59 IST" duration-ms="99880" status="PASS">
          <params>
            <param index="0">
              <value>
                <![CDATA[standard_user]]>
              </value>
            </param>
            <param index="1">
              <value>
                <![CDATA[secret_sauce]]>
              </value>
            </param>
          </params>
          <reporter-output>
          </reporter-output>
        </test-method> <!-- testCase3 -->
        <test-method is-config="true" signature="close()[pri:0, instance:tests.TestFirefox@56a6d5a6]" started-at="2020-03-29T08:48:59 IST" name="close" finished-at="2020-03-29T08:49:04 IST" duration-ms="4663" status="PASS">
          <reporter-output>
          </reporter-output>
        </test-method> <!-- close -->
        <test-method is-config="true" signature="launchBrowser()[pri:0, instance:tests.TestFirefox@56a6d5a6]" started-at="2020-03-29T08:49:04 IST" name="launchBrowser" finished-at="2020-03-29T08:49:21 IST" duration-ms="16770" status="PASS">
          <reporter-output>
          </reporter-output>
        </test-method> <!-- launchBrowser -->
        <test-method signature="testCase4(java.lang.String, java.lang.String)[pri:0, instance:tests.TestFirefox@56a6d5a6]" started-at="2020-03-29T08:49:21 IST" name="testCase4" data-provider="login4" finished-at="2020-03-29T08:50:15 IST" duration-ms="54186" status="PASS">
          <params>
            <param index="0">
              <value>
                <![CDATA[performance_glitch_user]]>
              </value>
            </param>
            <param index="1">
              <value>
                <![CDATA[secret_sauce]]>
              </value>
            </param>
          </params>
          <reporter-output>
          </reporter-output>
        </test-method> <!-- testCase4 -->
        <test-method is-config="true" signature="close()[pri:0, instance:tests.TestFirefox@56a6d5a6]" started-at="2020-03-29T08:50:15 IST" name="close" finished-at="2020-03-29T08:50:18 IST" duration-ms="2766" status="PASS">
          <reporter-output>
          </reporter-output>
        </test-method> <!-- close -->
        <test-method is-config="true" signature="launchBrowser()[pri:0, instance:tests.TestFirefox@56a6d5a6]" started-at="2020-03-29T08:50:18 IST" name="launchBrowser" finished-at="2020-03-29T08:50:41 IST" duration-ms="23761" status="PASS">
          <reporter-output>
          </reporter-output>
        </test-method> <!-- launchBrowser -->
        <test-method signature="testCase5(java.lang.String, java.lang.String)[pri:0, instance:tests.TestFirefox@56a6d5a6]" started-at="2020-03-29T08:50:41 IST" name="testCase5" data-provider="login5" finished-at="2020-03-29T08:50:42 IST" duration-ms="815" status="PASS">
          <params>
            <param index="0">
              <value>
                <![CDATA[ramya]]>
              </value>
            </param>
            <param index="1">
              <value>
                <![CDATA[secret_sauce]]>
              </value>
            </param>
          </params>
          <reporter-output>
          </reporter-output>
        </test-method> <!-- testCase5 -->
        <test-method is-config="true" signature="close()[pri:0, instance:tests.TestFirefox@56a6d5a6]" started-at="2020-03-29T08:50:42 IST" name="close" finished-at="2020-03-29T08:50:47 IST" duration-ms="4365" status="PASS">
          <reporter-output>
          </reporter-output>
        </test-method> <!-- close -->
        <test-method is-config="true" signature="launchBrowser()[pri:0, instance:tests.TestFirefox@56a6d5a6]" started-at="2020-03-29T08:50:47 IST" name="launchBrowser" finished-at="2020-03-29T08:51:05 IST" duration-ms="18645" status="PASS">
          <reporter-output>
          </reporter-output>
        </test-method> <!-- launchBrowser -->
        <test-method signature="testCase6(java.lang.String, java.lang.String)[pri:0, instance:tests.TestFirefox@56a6d5a6]" started-at="2020-03-29T08:51:05 IST" name="testCase6" data-provider="login6" finished-at="2020-03-29T08:51:06 IST" duration-ms="839" status="PASS">
          <params>
            <param index="0">
              <value>
                <![CDATA[performance_glitch_user]]>
              </value>
            </param>
            <param index="1">
              <value>
                <![CDATA[ramya]]>
              </value>
            </param>
          </params>
          <reporter-output>
          </reporter-output>
        </test-method> <!-- testCase6 -->
        <test-method is-config="true" signature="close()[pri:0, instance:tests.TestFirefox@56a6d5a6]" started-at="2020-03-29T08:51:06 IST" name="close" finished-at="2020-03-29T08:51:12 IST" duration-ms="5432" status="PASS">
          <reporter-output>
          </reporter-output>
        </test-method> <!-- close -->
      </class> <!-- tests.TestFirefox -->
      <class name="tests.TestChrome">
        <test-method is-config="true" signature="launchBrowser()[pri:0, instance:tests.TestChrome@309e345f]" started-at="2020-03-29T08:41:13 IST" name="launchBrowser" finished-at="2020-03-29T08:41:30 IST" duration-ms="16073" status="PASS">
          <reporter-output>
          </reporter-output>
        </test-method> <!-- launchBrowser -->
        <test-method signature="testCase1(java.lang.String, java.lang.String)[pri:0, instance:tests.TestChrome@309e345f]" started-at="2020-03-29T08:41:30 IST" name="testCase1" data-provider="login1" finished-at="2020-03-29T08:41:32 IST" duration-ms="2741" status="PASS">
          <params>
            <param index="0">
              <value>
                <![CDATA[problem_user]]>
              </value>
            </param>
            <param index="1">
              <value>
                <![CDATA[secret_sauce]]>
              </value>
            </param>
          </params>
          <reporter-output>
          </reporter-output>
        </test-method> <!-- testCase1 -->
        <test-method is-config="true" signature="close()[pri:0, instance:tests.TestChrome@309e345f]" started-at="2020-03-29T08:41:32 IST" name="close" finished-at="2020-03-29T08:41:34 IST" duration-ms="1264" status="PASS">
          <reporter-output>
          </reporter-output>
        </test-method> <!-- close -->
        <test-method is-config="true" signature="launchBrowser()[pri:0, instance:tests.TestChrome@309e345f]" started-at="2020-03-29T08:41:34 IST" name="launchBrowser" finished-at="2020-03-29T08:41:50 IST" duration-ms="16762" status="PASS">
          <reporter-output>
          </reporter-output>
        </test-method> <!-- launchBrowser -->
        <test-method signature="testCase2(java.lang.String, java.lang.String)[pri:0, instance:tests.TestChrome@309e345f]" started-at="2020-03-29T08:41:50 IST" name="testCase2" data-provider="login2" finished-at="2020-03-29T08:42:21 IST" duration-ms="30523" status="PASS">
          <params>
            <param index="0">
              <value>
                <![CDATA[performance_glitch_user]]>
              </value>
            </param>
            <param index="1">
              <value>
                <![CDATA[secret_sauce]]>
              </value>
            </param>
          </params>
          <reporter-output>
          </reporter-output>
        </test-method> <!-- testCase2 -->
        <test-method is-config="true" signature="close()[pri:0, instance:tests.TestChrome@309e345f]" started-at="2020-03-29T08:42:21 IST" name="close" finished-at="2020-03-29T08:42:23 IST" duration-ms="1632" status="PASS">
          <reporter-output>
          </reporter-output>
        </test-method> <!-- close -->
        <test-method is-config="true" signature="launchBrowser()[pri:0, instance:tests.TestChrome@309e345f]" started-at="2020-03-29T08:42:23 IST" name="launchBrowser" finished-at="2020-03-29T08:42:36 IST" duration-ms="13650" status="PASS">
          <reporter-output>
          </reporter-output>
        </test-method> <!-- launchBrowser -->
        <test-method signature="testCase3(java.lang.String, java.lang.String)[pri:0, instance:tests.TestChrome@309e345f]" started-at="2020-03-29T08:42:36 IST" name="testCase3" data-provider="login3" finished-at="2020-03-29T08:43:39 IST" duration-ms="62913" status="PASS">
          <params>
            <param index="0">
              <value>
                <![CDATA[standard_user]]>
              </value>
            </param>
            <param index="1">
              <value>
                <![CDATA[secret_sauce]]>
              </value>
            </param>
          </params>
          <reporter-output>
          </reporter-output>
        </test-method> <!-- testCase3 -->
        <test-method is-config="true" signature="close()[pri:0, instance:tests.TestChrome@309e345f]" started-at="2020-03-29T08:43:39 IST" name="close" finished-at="2020-03-29T08:43:40 IST" duration-ms="1015" status="PASS">
          <reporter-output>
          </reporter-output>
        </test-method> <!-- close -->
        <test-method is-config="true" signature="launchBrowser()[pri:0, instance:tests.TestChrome@309e345f]" started-at="2020-03-29T08:43:40 IST" name="launchBrowser" finished-at="2020-03-29T08:43:55 IST" duration-ms="14240" status="PASS">
          <reporter-output>
          </reporter-output>
        </test-method> <!-- launchBrowser -->
        <test-method signature="testCase4(java.lang.String, java.lang.String)[pri:0, instance:tests.TestChrome@309e345f]" started-at="2020-03-29T08:43:55 IST" name="testCase4" data-provider="login4" finished-at="2020-03-29T08:44:45 IST" duration-ms="50162" status="PASS">
          <params>
            <param index="0">
              <value>
                <![CDATA[performance_glitch_user]]>
              </value>
            </param>
            <param index="1">
              <value>
                <![CDATA[secret_sauce]]>
              </value>
            </param>
          </params>
          <reporter-output>
          </reporter-output>
        </test-method> <!-- testCase4 -->
        <test-method is-config="true" signature="close()[pri:0, instance:tests.TestChrome@309e345f]" started-at="2020-03-29T08:44:45 IST" name="close" finished-at="2020-03-29T08:44:46 IST" duration-ms="1055" status="PASS">
          <reporter-output>
          </reporter-output>
        </test-method> <!-- close -->
        <test-method is-config="true" signature="launchBrowser()[pri:0, instance:tests.TestChrome@309e345f]" started-at="2020-03-29T08:44:46 IST" name="launchBrowser" finished-at="2020-03-29T08:44:59 IST" duration-ms="12733" status="PASS">
          <reporter-output>
          </reporter-output>
        </test-method> <!-- launchBrowser -->
        <test-method signature="testCase5(java.lang.String, java.lang.String)[pri:0, instance:tests.TestChrome@309e345f]" started-at="2020-03-29T08:44:59 IST" name="testCase5" data-provider="login5" finished-at="2020-03-29T08:45:00 IST" duration-ms="1126" status="PASS">
          <params>
            <param index="0">
              <value>
                <![CDATA[ramya]]>
              </value>
            </param>
            <param index="1">
              <value>
                <![CDATA[secret_sauce]]>
              </value>
            </param>
          </params>
          <reporter-output>
          </reporter-output>
        </test-method> <!-- testCase5 -->
        <test-method is-config="true" signature="close()[pri:0, instance:tests.TestChrome@309e345f]" started-at="2020-03-29T08:45:00 IST" name="close" finished-at="2020-03-29T08:45:01 IST" duration-ms="1245" status="PASS">
          <reporter-output>
          </reporter-output>
        </test-method> <!-- close -->
        <test-method is-config="true" signature="launchBrowser()[pri:0, instance:tests.TestChrome@309e345f]" started-at="2020-03-29T08:45:01 IST" name="launchBrowser" finished-at="2020-03-29T08:45:14 IST" duration-ms="13255" status="PASS">
          <reporter-output>
          </reporter-output>
        </test-method> <!-- launchBrowser -->
        <test-method signature="testCase6(java.lang.String, java.lang.String)[pri:0, instance:tests.TestChrome@309e345f]" started-at="2020-03-29T08:45:14 IST" name="testCase6" data-provider="login6" finished-at="2020-03-29T08:45:16 IST" duration-ms="1297" status="PASS">
          <params>
            <param index="0">
              <value>
                <![CDATA[performance_glitch_user]]>
              </value>
            </param>
            <param index="1">
              <value>
                <![CDATA[ramya]]>
              </value>
            </param>
          </params>
          <reporter-output>
          </reporter-output>
        </test-method> <!-- testCase6 -->
        <test-method is-config="true" signature="close()[pri:0, instance:tests.TestChrome@309e345f]" started-at="2020-03-29T08:45:16 IST" name="close" finished-at="2020-03-29T08:45:17 IST" duration-ms="1343" status="PASS">
          <reporter-output>
          </reporter-output>
        </test-method> <!-- close -->
      </class> <!-- tests.TestChrome -->
    </test> <!-- Test -->
  </suite> <!-- Suite -->
</testng-results>
